Determining if the pthread_create exist failed with the following output:
Change Dir: /home/david/Documents/ScrabbleClient/cmake-build-debug/CMakeFiles/CMakeTmp

Run Build Command:"/usr/bin/make" "cmTC_01a4e/fast"
/usr/bin/make -f CMakeFiles/cmTC_01a4e.dir/build.make CMakeFiles/cmTC_01a4e.dir/build
make[1]: Entering directory '/home/david/Documents/ScrabbleClient/cmake-build-debug/CMakeFiles/CMakeTmp'
Building C object CMakeFiles/cmTC_01a4e.dir/CheckSymbolExists.c.o
/usr/bin/cc    -o CMakeFiles/cmTC_01a4e.dir/CheckSymbolExists.c.o   -c /home/david/Documents/ScrabbleClient/cmake-build-debug/CMakeFiles/CMakeTmp/CheckSymbolExists.c
Linking C executable cmTC_01a4e
/home/david/.local/share/JetBrains/Toolbox/apps/CLion/ch-0/183.5429.37/bin/cmake/linux/bin/cmake -E cmake_link_script CMakeFiles/cmTC_01a4e.dir/link.txt --verbose=1
/usr/bin/cc      CMakeFiles/cmTC_01a4e.dir/CheckSymbolExists.c.o  -o cmTC_01a4e 
CMakeFiles/cmTC_01a4e.dir/CheckSymbolExists.c.o: In function `main':
CheckSymbolExists.c:(.text+0x1b): undefined reference to `pthread_create'
collect2: error: ld returned 1 exit status
CMakeFiles/cmTC_01a4e.dir/build.make:86: recipe for target 'cmTC_01a4e' failed
make[1]: *** [cmTC_01a4e] Error 1
make[1]: Leaving directory '/home/david/Documents/ScrabbleClient/cmake-build-debug/CMakeFiles/CMakeTmp'
Makefile:121: recipe for target 'cmTC_01a4e/fast' failed
make: *** [cmTC_01a4e/fast] Error 2

File /home/david/Documents/ScrabbleClient/cmake-build-debug/CMakeFiles/CMakeTmp/CheckSymbolExists.c:
/* */
#include <pthread.h>

int main(int argc, char** argv)
{
  (void)argv;
#ifndef pthread_create
  return ((int*)(&pthread_create))[argc];
#else
  (void)argc;
  return 0;
#endif
}

